{"uuid":"f7a8ef73-b157-4ae2-a1bc-e031b655c9b8","historyId":"21a8c9d0e554918a5c26a91cbaf4eb4b","fullName":"this feature is to get HR Manager name from OPenHRM app: This test is to verify HR Manager name","labels":[{"name":"tag","value":"GetHRManager"},{"name":"host","value":"LTIN407337"},{"name":"thread","value":"29024@LTIN407337.main(1)"},{"name":"feature","value":"this feature is to get HR Manager name from OPenHRM app"},{"name":"story","value":"This test is to verify HR Manager name"},{"name":"suite","value":"this feature is to get HR Manager name from OPenHRM app"},{"name":"testClass","value":"This test is to verify HR Manager name"},{"name":"framework","value":"cucumber6jvm"},{"name":"language","value":"java"},{"name":"gherkin_uri","value":"file:///C:/Users/2143925/eclipse2021.03-workspace/UI_automation_cucumber/src/test/resources/featurefile/VerifyHR_Manager_name.feature"},{"name":"package","value":"src.test.resources.featurefile.VerifyHR_Manager_name_feature.this feature is to get HR Manager name from OPenHRM app"}],"links":[],"name":"This test is to verify HR Manager name","status":"failed","statusDetails":{"known":false,"muted":false,"flaky":false,"message":"no such element: Unable to locate element: {\"method\":\"xpath\",\"selector\":\"//p[@class='oxd-text oxd-text--p orangehrm-directory-card-header --break-words']\"}\n  (Session info: chrome=107.0.5304.107)\nFor documentation on this error, please visit: https://selenium.dev/exceptions/#no_such_element\nBuild info: version: '4.7.2', revision: '4d4020c3b7'\nSystem info: os.name: 'Windows 10', os.arch: 'amd64', os.version: '10.0', java.version: '15.0.2'\nDriver info: org.openqa.selenium.chrome.ChromeDriver\nCommand: [2edef78c6843a1e24715c8a3e1b3ecab, findElement {using=xpath, value=//p[@class='oxd-text oxd-text--p orangehrm-directory-card-header --break-words']}]\nCapabilities {acceptInsecureCerts: false, browserName: chrome, browserVersion: 107.0.5304.107, chrome: {chromedriverVersion: 107.0.5304.62 (1eec40d3a576..., userDataDir: C:\\Users\\2143925\\AppData\\Lo...}, goog:chromeOptions: {debuggerAddress: localhost:51348}, networkConnectionEnabled: false, pageLoadStrategy: normal, platformName: WINDOWS, proxy: Proxy(), se:cdp: ws://localhost:51348/devtoo..., se:cdpVersion: 107.0.5304.107, setWindowRect: true, strictFileInteractability: false, timeouts: {implicit: 0, pageLoad: 300000, script: 30000}, unhandledPromptBehavior: dismiss and notify, webauthn:extension:credBlob: true, webauthn:extension:largeBlob: true, webauthn:virtualAuthenticators: true}\nSession ID: 2edef78c6843a1e24715c8a3e1b3ecab","trace":"java.lang.AssertionError: no such element: Unable to locate element: {\"method\":\"xpath\",\"selector\":\"//p[@class='oxd-text oxd-text--p orangehrm-directory-card-header --break-words']\"}\n  (Session info: chrome=107.0.5304.107)\nFor documentation on this error, please visit: https://selenium.dev/exceptions/#no_such_element\nBuild info: version: '4.7.2', revision: '4d4020c3b7'\nSystem info: os.name: 'Windows 10', os.arch: 'amd64', os.version: '10.0', java.version: '15.0.2'\nDriver info: org.openqa.selenium.chrome.ChromeDriver\nCommand: [2edef78c6843a1e24715c8a3e1b3ecab, findElement {using=xpath, value=//p[@class='oxd-text oxd-text--p orangehrm-directory-card-header --break-words']}]\nCapabilities {acceptInsecureCerts: false, browserName: chrome, browserVersion: 107.0.5304.107, chrome: {chromedriverVersion: 107.0.5304.62 (1eec40d3a576..., userDataDir: C:\\Users\\2143925\\AppData\\Lo...}, goog:chromeOptions: {debuggerAddress: localhost:51348}, networkConnectionEnabled: false, pageLoadStrategy: normal, platformName: WINDOWS, proxy: Proxy(), se:cdp: ws://localhost:51348/devtoo..., se:cdpVersion: 107.0.5304.107, setWindowRect: true, strictFileInteractability: false, timeouts: {implicit: 0, pageLoad: 300000, script: 30000}, unhandledPromptBehavior: dismiss and notify, webauthn:extension:credBlob: true, webauthn:extension:largeBlob: true, webauthn:virtualAuthenticators: true}\nSession ID: 2edef78c6843a1e24715c8a3e1b3ecab\r\n\tat org.junit.Assert.fail(Assert.java:89)\r\n\tat com.arshad.StepDefinition.VerifyHR_Manager_nameStepDef.user_should_see_HR_name_as(VerifyHR_Manager_nameStepDef.java:94)\r\n\tat ✽.user should see HR name as \"Paul Collings\"(file:///C:/Users/2143925/eclipse2021.03-workspace/UI_automation_cucumber/src/test/resources/featurefile/VerifyHR_Manager_name.feature:8)\r\n"},"stage":"finished","steps":[{"name":"When  user is logged in succesfully on home page","status":"passed","statusDetails":{"known":false,"muted":false,"flaky":false},"stage":"finished","steps":[],"attachments":[],"parameters":[],"start":1674212712672,"stop":1674212716517},{"name":"Given  when user clicks directory option from menu bar","status":"passed","statusDetails":{"known":false,"muted":false,"flaky":false},"stage":"finished","steps":[],"attachments":[],"parameters":[],"start":1674212718521,"stop":1674212719836},{"name":"And  user selects job title as HR from dropdown","status":"passed","statusDetails":{"known":false,"muted":false,"flaky":false},"stage":"finished","steps":[],"attachments":[],"parameters":[],"start":1674212721844,"stop":1674212723807},{"name":"Then  user should see HR name as \"Paul Collings\"","status":"failed","statusDetails":{"known":false,"muted":false,"flaky":false,"message":"no such element: Unable to locate element: {\"method\":\"xpath\",\"selector\":\"//p[@class='oxd-text oxd-text--p orangehrm-directory-card-header --break-words']\"}\n  (Session info: chrome=107.0.5304.107)\nFor documentation on this error, please visit: https://selenium.dev/exceptions/#no_such_element\nBuild info: version: '4.7.2', revision: '4d4020c3b7'\nSystem info: os.name: 'Windows 10', os.arch: 'amd64', os.version: '10.0', java.version: '15.0.2'\nDriver info: org.openqa.selenium.chrome.ChromeDriver\nCommand: [2edef78c6843a1e24715c8a3e1b3ecab, findElement {using=xpath, value=//p[@class='oxd-text oxd-text--p orangehrm-directory-card-header --break-words']}]\nCapabilities {acceptInsecureCerts: false, browserName: chrome, browserVersion: 107.0.5304.107, chrome: {chromedriverVersion: 107.0.5304.62 (1eec40d3a576..., userDataDir: C:\\Users\\2143925\\AppData\\Lo...}, goog:chromeOptions: {debuggerAddress: localhost:51348}, networkConnectionEnabled: false, pageLoadStrategy: normal, platformName: WINDOWS, proxy: Proxy(), se:cdp: ws://localhost:51348/devtoo..., se:cdpVersion: 107.0.5304.107, setWindowRect: true, strictFileInteractability: false, timeouts: {implicit: 0, pageLoad: 300000, script: 30000}, unhandledPromptBehavior: dismiss and notify, webauthn:extension:credBlob: true, webauthn:extension:largeBlob: true, webauthn:virtualAuthenticators: true}\nSession ID: 2edef78c6843a1e24715c8a3e1b3ecab","trace":"java.lang.AssertionError: no such element: Unable to locate element: {\"method\":\"xpath\",\"selector\":\"//p[@class='oxd-text oxd-text--p orangehrm-directory-card-header --break-words']\"}\n  (Session info: chrome=107.0.5304.107)\nFor documentation on this error, please visit: https://selenium.dev/exceptions/#no_such_element\nBuild info: version: '4.7.2', revision: '4d4020c3b7'\nSystem info: os.name: 'Windows 10', os.arch: 'amd64', os.version: '10.0', java.version: '15.0.2'\nDriver info: org.openqa.selenium.chrome.ChromeDriver\nCommand: [2edef78c6843a1e24715c8a3e1b3ecab, findElement {using=xpath, value=//p[@class='oxd-text oxd-text--p orangehrm-directory-card-header --break-words']}]\nCapabilities {acceptInsecureCerts: false, browserName: chrome, browserVersion: 107.0.5304.107, chrome: {chromedriverVersion: 107.0.5304.62 (1eec40d3a576..., userDataDir: C:\\Users\\2143925\\AppData\\Lo...}, goog:chromeOptions: {debuggerAddress: localhost:51348}, networkConnectionEnabled: false, pageLoadStrategy: normal, platformName: WINDOWS, proxy: Proxy(), se:cdp: ws://localhost:51348/devtoo..., se:cdpVersion: 107.0.5304.107, setWindowRect: true, strictFileInteractability: false, timeouts: {implicit: 0, pageLoad: 300000, script: 30000}, unhandledPromptBehavior: dismiss and notify, webauthn:extension:credBlob: true, webauthn:extension:largeBlob: true, webauthn:virtualAuthenticators: true}\nSession ID: 2edef78c6843a1e24715c8a3e1b3ecab\r\n\tat org.junit.Assert.fail(Assert.java:89)\r\n\tat com.arshad.StepDefinition.VerifyHR_Manager_nameStepDef.user_should_see_HR_name_as(VerifyHR_Manager_nameStepDef.java:94)\r\n\tat ✽.user should see HR name as \"Paul Collings\"(file:///C:/Users/2143925/eclipse2021.03-workspace/UI_automation_cucumber/src/test/resources/featurefile/VerifyHR_Manager_name.feature:8)\r\n"},"stage":"finished","steps":[],"attachments":[],"parameters":[],"start":1674212725815,"stop":1674212731078}],"attachments":[],"parameters":[],"start":1674212676206,"stop":1674212735212}